2025-04-17 22:50:24 +05 СООБЩЕНИЕ:  начата контрольная точка: time
2025-04-17 22:50:24 +05 СООБЩЕНИЕ:  контрольная точка завершена: записано буферов: 5 (0.0%); добавлено файлов WAL 0, удалено: 0, переработано: 0; запись=0.445 сек., синхр.=0.116 сек., всего=0.643 сек.; синхронизировано_файлов=5, самая_долгая_синхр.=0.043 сек., средняя=0.024 сек.; расстояние=4 kB, ожидалось=4 kB; lsn=0/1649DF8, lsn redo=0/1649DA0
2025-04-17 23:23:55 +05 РЎРћРћР‘Р©Р•РќРР•:  РЅРµ СѓРґР°Р»РѕСЃСЊ РїРѕР»СѓС‡РёС‚СЊ РґР°РЅРЅС‹Рµ РѕС‚ РєР»РёРµРЅС‚Р°: An existing connection was forcibly closed by the remote host.
	
2025-04-17 23:23:55 +05 РЎРћРћР‘Р©Р•РќРР•:  РЅРµ СѓРґР°Р»РѕСЃСЊ РїРѕР»СѓС‡РёС‚СЊ РґР°РЅРЅС‹Рµ РѕС‚ РєР»РёРµРЅС‚Р°: An existing connection was forcibly closed by the remote host.
	
2025-04-21 01:41:17 +05 РћРЁРР‘РљРђ:  РѕС‚РЅРѕС€РµРЅРёРµ "contacts" РЅРµ СЃСѓС‰РµСЃС‚РІСѓРµС‚ (СЃРёРјРІРѕР» 13)
2025-04-21 01:41:17 +05 Р—РђРџР РћРЎ:  INSERT INTO contacts(username, phone)
	    VALUES (username, phone)
	    ON CONFLICT (username) DO UPDATE SET phone = EXCLUDED.phone
2025-04-21 01:41:17 +05 РљРћРќРўР•РљРЎРў:  С„СѓРЅРєС†РёСЏ PL/pgSQL add_or_update_contact(text,text), СЃС‚СЂРѕРєР° 3, РѕРїРµСЂР°С‚РѕСЂ SQL-РѕРїРµСЂР°С‚РѕСЂ
2025-04-21 01:41:17 +05 РћРџР•Р РђРўРћР :  CALL add_or_update_contact('Nikita', '+71234567890');
	
	SELECT * FROM search_contacts('Niki');
	
	SELECT * FROM add_many_contacts(ARRAY['Max', 'Test'], ARRAY['+79001234567', 'wrong']);
	
	SELECT * FROM get_contacts_page(5, 0);
	
	CALL delete_contact('Test');
	
2025-04-21 01:43:57 +05 СООБЩЕНИЕ:  начата контрольная точка: time
2025-04-21 01:43:59 +05 СООБЩЕНИЕ:  контрольная точка завершена: записано буферов: 16 (0.1%); добавлено файлов WAL 0, удалено: 0, переработано: 0; запись=1.665 сек., синхр.=0.198 сек., всего=1.951 сек.; синхронизировано_файлов=9, самая_долгая_синхр.=0.032 сек., средняя=0.022 сек.; расстояние=74 kB, ожидалось=74 kB; lsn=0/165C6C8, lsn redo=0/165C670
2025-04-21 01:46:17 +05 РћРЁРР‘РљРђ:  РѕС€РёР±РєР° СЃРёРЅС‚Р°РєСЃРёСЃР° (РїСЂРёРјРµСЂРЅРѕРµ РїРѕР»РѕР¶РµРЅРёРµ: "PhoneBook") (СЃРёРјРІРѕР» 1)
2025-04-21 01:46:17 +05 РћРџР•Р РђРўРћР :  PhoneBook
2025-04-21 01:48:57 +05 СООБЩЕНИЕ:  начата контрольная точка: time
2025-04-21 01:48:59 +05 СООБЩЕНИЕ:  контрольная точка завершена: записано буферов: 15 (0.1%); добавлено файлов WAL 0, удалено: 0, переработано: 0; запись=1.560 сек., синхр.=0.232 сек., всего=1.880 сек.; синхронизировано_файлов=9, самая_долгая_синхр.=0.038 сек., средняя=0.026 сек.; расстояние=81 kB, ожидалось=81 kB; lsn=0/1670C78, lsn redo=0/1670C20
2025-04-21 01:48:59 +05 РћРЁРР‘РљРђ:  СЃС‚РѕР»Р±РµС† "username" РІ С‚Р°Р±Р»РёС†Рµ "phonebook" РЅРµ СЃСѓС‰РµСЃС‚РІСѓРµС‚ (СЃРёРјРІРѕР» 23)
2025-04-21 01:48:59 +05 Р—РђРџР РћРЎ:  INSERT INTO PhoneBook(username, phone)
	    VALUES (username, phone)
	    ON CONFLICT (username) DO UPDATE SET phone = EXCLUDED.phone
2025-04-21 01:48:59 +05 РљРћРќРўР•РљРЎРў:  С„СѓРЅРєС†РёСЏ PL/pgSQL add_or_update_contact(text,text), СЃС‚СЂРѕРєР° 3, РѕРїРµСЂР°С‚РѕСЂ SQL-РѕРїРµСЂР°С‚РѕСЂ
2025-04-21 01:48:59 +05 РћРџР•Р РђРўРћР :  CALL add_or_update_contact('Nikita', '+71234567890');
	
	SELECT * FROM search_contacts('Niki');
	
	SELECT * FROM add_many_contacts(ARRAY['Max', 'Test'], ARRAY['+79001234567', 'wrong']);
	
	SELECT * FROM get_contacts_page(5, 0);
	
	CALL delete_contact('Test');
	
2025-04-21 01:51:14 +05 РћРЁРР‘РљРђ:  РѕС€РёР±РєР° СЃРёРЅС‚Р°РєСЃРёСЃР° (РїСЂРёРјРµСЂРЅРѕРµ РїРѕР»РѕР¶РµРЅРёРµ: "get_contacts_page") (СЃРёРјРІРѕР» 1)
2025-04-21 01:51:14 +05 РћРџР•Р РђРўРћР :  get_contacts_page(INT, INT)
2025-04-21 01:53:57 +05 СООБЩЕНИЕ:  начата контрольная точка: time
2025-04-21 01:53:58 +05 СООБЩЕНИЕ:  контрольная точка завершена: записано буферов: 12 (0.1%); добавлено файлов WAL 0, удалено: 0, переработано: 0; запись=1.213 сек., синхр.=0.209 сек., всего=1.519 сек.; синхронизировано_файлов=9, самая_долгая_синхр.=0.038 сек., средняя=0.024 сек.; расстояние=60 kB, ожидалось=79 kB; lsn=0/167FCF8, lsn redo=0/167FCA0
2025-04-21 01:58:57 +05 СООБЩЕНИЕ:  начата контрольная точка: time
2025-04-21 01:58:59 +05 СООБЩЕНИЕ:  контрольная точка завершена: записано буферов: 16 (0.1%); добавлено файлов WAL 0, удалено: 0, переработано: 0; запись=1.665 сек., синхр.=0.205 сек., всего=1.948 сек.; синхронизировано_файлов=9, самая_долгая_синхр.=0.039 сек., средняя=0.023 сек.; расстояние=79 kB, ожидалось=79 kB; lsn=0/1693C38, lsn redo=0/1693BE0
2025-04-21 01:59:14 +05 РћРЁРР‘РљРђ:  РЅРµРѕРґРЅРѕР·РЅР°С‡РЅР°СЏ СЃСЃС‹Р»РєР° РЅР° СЃС‚РѕР»Р±РµС† "name" (СЃРёРјРІРѕР» 89)
2025-04-21 01:59:14 +05 РџРћР”Р РћР‘РќРћРЎРўР:  РџРѕРґСЂР°Р·СѓРјРµРІР°РµС‚СЃСЏ СЃСЃС‹Р»РєР° РЅР° РїРµСЂРµРјРµРЅРЅСѓСЋ PL/pgSQL РёР»Рё СЃС‚РѕР»Р±РµС† С‚Р°Р±Р»РёС†С‹.
2025-04-21 01:59:14 +05 Р—РђРџР РћРЎ:  INSERT INTO PhoneBook(name, phonenumber)
	    VALUES (name, phonenumber)
	    ON CONFLICT (name) DO UPDATE SET phonenumber = EXCLUDED.phonenumber
2025-04-21 01:59:14 +05 РљРћРќРўР•РљРЎРў:  С„СѓРЅРєС†РёСЏ PL/pgSQL add_or_update_contact(text,text), СЃС‚СЂРѕРєР° 3, РѕРїРµСЂР°С‚РѕСЂ SQL-РѕРїРµСЂР°С‚РѕСЂ
2025-04-21 01:59:14 +05 РћРџР•Р РђРўРћР :  CALL add_or_update_contact('Nikita', '+71234567890');
	
	SELECT * FROM search_contacts('Niki');
	
	SELECT * FROM add_many_contacts(ARRAY['Max', 'Test'], ARRAY['+79001234567', 'wrong']);
	
	SELECT * FROM get_contacts_page(5, 0);
	
	CALL delete_contact('Test');
	
2025-04-21 02:08:57 +05 СООБЩЕНИЕ:  начата контрольная точка: time
2025-04-21 02:08:59 +05 СООБЩЕНИЕ:  контрольная точка завершена: записано буферов: 11 (0.1%); добавлено файлов WAL 0, удалено: 0, переработано: 0; запись=1.106 сек., синхр.=0.185 сек., всего=1.383 сек.; синхронизировано_файлов=7, самая_долгая_синхр.=0.048 сек., средняя=0.027 сек.; расстояние=67 kB, ожидалось=78 kB; lsn=0/16A4A00, lsn redo=0/16A49A8
2025-04-21 02:13:46 +05 РћРЁРР‘РљРђ:  РЅРµРѕРґРЅРѕР·РЅР°С‡РЅР°СЏ СЃСЃС‹Р»РєР° РЅР° СЃС‚РѕР»Р±РµС† "name" (СЃРёРјРІРѕР» 8)
2025-04-21 02:13:46 +05 РџРћР”Р РћР‘РќРћРЎРўР:  РџРѕРґСЂР°Р·СѓРјРµРІР°РµС‚СЃСЏ СЃСЃС‹Р»РєР° РЅР° РїРµСЂРµРјРµРЅРЅСѓСЋ PL/pgSQL РёР»Рё СЃС‚РѕР»Р±РµС† С‚Р°Р±Р»РёС†С‹.
2025-04-21 02:13:46 +05 Р—РђРџР РћРЎ:  SELECT name, phonenumber
	    FROM PhoneBook
	    WHERE name ILIKE '%' || pattern || '%'
	       OR phonenumber ILIKE '%' || pattern || '%'
2025-04-21 02:13:46 +05 РљРћРќРўР•РљРЎРў:  С„СѓРЅРєС†РёСЏ PL/pgSQL find_by_pattern(text), СЃС‚СЂРѕРєР° 3, РѕРїРµСЂР°С‚РѕСЂ RETURN QUERY
2025-04-21 02:13:46 +05 РћРџР•Р РђРўРћР :  CALL add_or_update_user('Nikita', '+71234567890');
	
	SELECT * FROM find_by_pattern('Niki');
	
	SELECT * FROM add_users_bulk(ARRAY['Max', 'Test'], ARRAY['+79001234567', 'wrong']);
	
	SELECT * FROM get_paginated(5, 0);
	
	CALL delete_by_name_or_phone('Test');
2025-04-21 02:13:57 +05 СООБЩЕНИЕ:  начата контрольная точка: time
2025-04-21 02:13:59 +05 СООБЩЕНИЕ:  контрольная точка завершена: записано буферов: 18 (0.1%); добавлено файлов WAL 0, удалено: 0, переработано: 0; запись=1.897 сек., синхр.=0.245 сек., всего=2.218 сек.; синхронизировано_файлов=10, самая_долгая_синхр.=0.038 сек., средняя=0.025 сек.; расстояние=87 kB, ожидалось=87 kB; lsn=0/16BA968, lsn redo=0/16BA910
2025-04-21 02:16:13 +05 РћРЁРР‘РљРђ:  РїСЂРѕС†РµРґСѓСЂР° add_or_update_user(unknown, unknown) РЅРµ СЃСѓС‰РµСЃС‚РІСѓРµС‚ (СЃРёРјРІРѕР» 6)
2025-04-21 02:16:13 +05 РџРћР”РЎРљРђР—РљРђ:  РџСЂРѕС†РµРґСѓСЂР° СЃ РґР°РЅРЅС‹РјРё РёРјРµРЅРµРј Рё С‚РёРїР°РјРё Р°СЂРіСѓРјРµРЅС‚РѕРІ РЅРµ РЅР°Р№РґРµРЅР°. Р’РѕР·РјРѕР¶РЅРѕ, РІР°Рј СЃР»РµРґСѓРµС‚ РґРѕР±Р°РІРёС‚СЊ СЏРІРЅС‹Рµ РїСЂРёРІРµРґРµРЅРёСЏ С‚РёРїРѕРІ.
2025-04-21 02:16:13 +05 РћРџР•Р РђРўРћР :  CALL add_or_update_user('Nikita', '+71234567890');
	
	SELECT * FROM find_by_pattern('Niki');
	
	SELECT * FROM add_users_bulk(ARRAY['Max', 'Test'], ARRAY['+79001234567', 'wrong']);
	
	SELECT * FROM get_paginated(5, 0);
	
	CALL delete_by_name_or_phone('Test');
2025-04-21 02:17:05 +05 РћРЁРР‘РљРђ:  structure of query does not match function result type
2025-04-21 02:17:05 +05 РџРћР”Р РћР‘РќРћРЎРўР:  Р’РѕР·РІСЂР°С‰Р°РµРјС‹Р№ С‚РёРї character varying(255) РЅРµ СЃРѕРѕС‚РІРµС‚СЃС‚РІСѓРµС‚ РѕР¶РёРґР°РµРјРѕРјСѓ С‚РёРїСѓ text РІ СЃС‚РѕР»Р±С†Рµ 1.
2025-04-21 02:17:05 +05 РљРћРќРўР•РљРЎРў:  SQL-РѕРїРµСЂР°С‚РѕСЂ: "SELECT PhoneBook.name, PhoneBook.phonenumber
	    FROM PhoneBook
	    WHERE PhoneBook.name ILIKE '%' || pattern || '%'
	       OR PhoneBook.phonenumber ILIKE '%' || pattern || '%'"
	С„СѓРЅРєС†РёСЏ PL/pgSQL find_by_pattern(text), СЃС‚СЂРѕРєР° 3, РѕРїРµСЂР°С‚РѕСЂ RETURN QUERY
2025-04-21 02:17:05 +05 РћРџР•Р РђРўРћР :  CALL add_or_update_user('Nikita', '+71234567890');
	
	SELECT * FROM find_by_pattern('Niki');
	
	SELECT * FROM add_users_bulk(ARRAY['Max', 'Test'], ARRAY['+79001234567', 'wrong']);
	
	SELECT * FROM get_paginated(5, 0);
	
	CALL delete_by_name_or_phone('Test');
2025-04-21 02:18:45 +05 РћРЁРР‘РљРђ:  add_users_bulk(text[], text[]) вЂ” РїСЂРѕС†РµРґСѓСЂР° (СЃРёРјРІРѕР» 107)
2025-04-21 02:18:45 +05 РџРћР”РЎРљРђР—РљРђ:  Р”Р»СЏ РІС‹Р·РѕРІР° РїСЂРѕС†РµРґСѓСЂС‹ РёСЃРїРѕР»СЊР·СѓР№С‚Рµ CALL.
2025-04-21 02:18:45 +05 РћРџР•Р РђРўРћР :  CALL add_or_update_user('Nikita', '+71234567890');
	
	SELECT * FROM find_by_pattern('Niki');
	
	SELECT * FROM add_users_bulk(ARRAY['Max', 'Test'], ARRAY['+79001234567', 'wrong']);
	
	SELECT * FROM get_paginated(5, 0);
	
	CALL delete_by_name_or_phone('Test');
2025-04-21 02:18:57 +05 СООБЩЕНИЕ:  начата контрольная точка: time
2025-04-21 02:18:59 +05 СООБЩЕНИЕ:  контрольная точка завершена: записано буферов: 15 (0.1%); добавлено файлов WAL 0, удалено: 0, переработано: 0; запись=1.560 сек., синхр.=0.237 сек., всего=1.859 сек.; синхронизировано_файлов=10, самая_долгая_синхр.=0.038 сек., средняя=0.024 сек.; расстояние=63 kB, ожидалось=85 kB; lsn=0/16CA668, lsn redo=0/16CA5D8
2025-04-21 02:19:06 +05 РћРЁРР‘РљРђ:  add_or_update_user(text, text) вЂ” РїСЂРѕС†РµРґСѓСЂР° (СЃРёРјРІРѕР» 8)
2025-04-21 02:19:06 +05 РџРћР”РЎРљРђР—РљРђ:  Р”Р»СЏ РІС‹Р·РѕРІР° РїСЂРѕС†РµРґСѓСЂС‹ РёСЃРїРѕР»СЊР·СѓР№С‚Рµ CALL.
2025-04-21 02:19:06 +05 Р—РђРџР РћРЎ:  SELECT add_or_update_user(names[i], phones[i])
2025-04-21 02:19:06 +05 РљРћРќРўР•РљРЎРў:  С„СѓРЅРєС†РёСЏ PL/pgSQL add_users_bulk(text[],text[]), СЃС‚СЂРѕРєР° 7, РѕРїРµСЂР°С‚РѕСЂ PERFORM
2025-04-21 02:19:06 +05 РћРџР•Р РђРўРћР :  CALL add_or_update_user('Nikita', '+71234567890');
	
	SELECT * FROM find_by_pattern('Niki');
	
	CALL add_users_bulk(ARRAY['Max', 'Test'], ARRAY['+79001234567', 'wrong']);
	
	SELECT * FROM get_paginated(5, 0);
	
	CALL delete_by_name_or_phone('Test');
2025-04-21 02:19:23 +05 РћРЁРР‘РљРђ:  add_or_update_user(text, text) вЂ” РїСЂРѕС†РµРґСѓСЂР° (СЃРёРјРІРѕР» 8)
2025-04-21 02:19:23 +05 РџРћР”РЎРљРђР—РљРђ:  Р”Р»СЏ РІС‹Р·РѕРІР° РїСЂРѕС†РµРґСѓСЂС‹ РёСЃРїРѕР»СЊР·СѓР№С‚Рµ CALL.
2025-04-21 02:19:23 +05 Р—РђРџР РћРЎ:  SELECT add_or_update_user(names[i], phones[i])
2025-04-21 02:19:23 +05 РљРћРќРўР•РљРЎРў:  С„СѓРЅРєС†РёСЏ PL/pgSQL add_users_bulk(text[],text[]), СЃС‚СЂРѕРєР° 7, РѕРїРµСЂР°С‚РѕСЂ PERFORM
2025-04-21 02:19:23 +05 РћРџР•Р РђРўРћР :  CALL add_or_update_user('Nikita', '+71234567890');
	
	SELECT * FROM find_by_pattern('Niki');
	
	CALL add_users_bulk(ARRAY['Max', 'Test'], ARRAY['+79001234567', 'wrong']);
	
	SELECT * FROM get_paginated(5, 0);
	
	CALL delete_by_name_or_phone('Test');
