2025-04-13 09:17:46 +05 пїЅпїЅпїЅпїЅпїЅпїЅпїЅпїЅпїЅ:  пїЅпїЅпїЅпїЅпїЅпїЅ пїЅпїЅпїЅпїЅпїЅпїЅпїЅ пїЅпїЅ пїЅпїЅпїЅпїЅ пїЅпїЅпїЅпїЅпїЅпїЅпїЅпїЅ; пїЅпїЅпїЅпїЅпїЅпїЅпїЅпїЅпїЅ пїЅпїЅпїЅпїЅпїЅпїЅ пїЅпїЅпїЅпїЅпїЅпїЅ: 2025-04-12 19:32:48 +05
2025-04-13 09:17:47 +05 пїЅпїЅпїЅпїЅпїЅпїЅпїЅпїЅпїЅ:  пїЅпїЅпїЅпїЅпїЅпїЅпїЅ пїЅпїЅ пїЅпїЅпїЅпїЅ пїЅпїЅпїЅпїЅпїЅпїЅпїЅпїЅпїЅпїЅпїЅ пїЅпїЅпїЅпїЅпїЅпїЅпїЅпїЅ; пїЅпїЅпїЅпїЅпїЅпїЅпїЅпїЅпїЅпїЅпїЅпїЅ пїЅпїЅпїЅпїЅпїЅпїЅпїЅпїЅпїЅпїЅпїЅпїЅпїЅпїЅ пїЅпїЅпїЅпїЅпїЅпїЅпїЅпїЅпїЅпїЅпїЅпїЅпїЅпїЅ
2025-04-13 09:17:47 +05 пїЅпїЅпїЅпїЅпїЅпїЅпїЅпїЅпїЅ:  пїЅпїЅпїЅпїЅпїЅпїЅ REDO пїЅпїЅпїЅпїЅпїЅпїЅпїЅпїЅпїЅпїЅ пїЅпїЅ пїЅпїЅпїЅпїЅпїЅпїЅпїЅпїЅ 0/15C15B0
2025-04-13 09:17:47 +05 пїЅпїЅпїЅпїЅпїЅпїЅпїЅпїЅпїЅ:  пїЅпїЅпїЅпїЅпїЅпїЅпїЅпїЅ пїЅпїЅпїЅпїЅпїЅ пїЅпїЅпїЅпїЅпїЅпїЅ пїЅ пїЅпїЅпїЅпїЅпїЅпїЅпїЅ 0/15C16B8: пїЅпїЅпїЅпїЅпїЅпїЅпїЅпїЅпїЅ пїЅпїЅпїЅпїЅпїЅпїЅпїЅ 24, пїЅпїЅпїЅпїЅпїЅпїЅпїЅпїЅ 0
2025-04-13 09:17:47 +05 пїЅпїЅпїЅпїЅпїЅпїЅпїЅпїЅпїЅ:  пїЅпїЅпїЅпїЅпїЅпїЅ REDO пїЅпїЅпїЅпїЅпїЅпїЅпїЅпїЅпїЅпїЅ пїЅпїЅ пїЅпїЅпїЅпїЅпїЅпїЅпїЅпїЅ 0/15C1680, пїЅпїЅпїЅпїЅпїЅпїЅпїЅпїЅ пїЅпїЅпїЅпїЅпїЅпїЅпїЅ: CPU: пїЅпїЅпїЅпїЅпїЅпїЅпїЅ.: 0.00 пїЅ, пїЅпїЅпїЅпїЅпїЅпїЅпїЅ: 0.00 пїЅ, пїЅпїЅпїЅпїЅпїЅпїЅ: 0.00 пїЅ
2025-04-13 09:17:47 +05 пїЅпїЅпїЅпїЅпїЅпїЅпїЅпїЅпїЅ:  пїЅпїЅпїЅпїЅпїЅпїЅ пїЅпїЅпїЅпїЅпїЅпїЅпїЅпїЅпїЅпїЅпїЅ пїЅпїЅпїЅпїЅпїЅ: end-of-recovery immediate wait
2025-04-13 09:17:48 +05 пїЅпїЅпїЅпїЅпїЅпїЅпїЅпїЅпїЅ:  пїЅпїЅпїЅпїЅпїЅпїЅпїЅпїЅпїЅпїЅпїЅ пїЅпїЅпїЅпїЅпїЅ пїЅпїЅпїЅпїЅпїЅпїЅпїЅпїЅпїЅ: пїЅпїЅпїЅпїЅпїЅпїЅпїЅпїЅ пїЅпїЅпїЅпїЅпїЅпїЅпїЅ: 3 (0.0%); пїЅпїЅпїЅпїЅпїЅпїЅпїЅпїЅпїЅ пїЅпїЅпїЅпїЅпїЅпїЅ WAL 0, пїЅпїЅпїЅпїЅпїЅпїЅпїЅ: 0, пїЅпїЅпїЅпїЅпїЅпїЅпїЅпїЅпїЅпїЅпїЅпїЅ: 0; пїЅпїЅпїЅпїЅпїЅпїЅ=0.001 пїЅпїЅпїЅ., пїЅпїЅпїЅпїЅпїЅ.=0.110 пїЅпїЅпїЅ., пїЅпїЅпїЅпїЅпїЅ=0.404 пїЅпїЅпїЅ.; пїЅпїЅпїЅпїЅпїЅпїЅпїЅпїЅпїЅпїЅпїЅпїЅпїЅпїЅпїЅпїЅ_пїЅпїЅпїЅпїЅпїЅпїЅ=2, пїЅпїЅпїЅпїЅпїЅ_пїЅпїЅпїЅпїЅпїЅпїЅ_пїЅпїЅпїЅпїЅпїЅ.=0.057 пїЅпїЅпїЅ., пїЅпїЅпїЅпїЅпїЅпїЅпїЅ=0.055 пїЅпїЅпїЅ.; пїЅпїЅпїЅпїЅпїЅпїЅпїЅпїЅпїЅпїЅ=0 kB, пїЅпїЅпїЅпїЅпїЅпїЅпїЅпїЅпїЅ=0 kB; lsn=0/15C16B8, lsn redo=0/15C16B8
2025-04-13 10:57:47 +05 пїЅпїЅпїЅпїЅпїЅпїЅпїЅпїЅпїЅ:  пїЅпїЅпїЅпїЅпїЅпїЅ пїЅпїЅпїЅпїЅпїЅпїЅпїЅпїЅпїЅпїЅпїЅ пїЅпїЅпїЅпїЅпїЅ: time
2025-04-13 10:57:47 +05 пїЅпїЅпїЅпїЅпїЅпїЅпїЅпїЅпїЅ:  пїЅпїЅпїЅпїЅпїЅпїЅпїЅпїЅпїЅпїЅпїЅ пїЅпїЅпїЅпїЅпїЅ пїЅпїЅпїЅпїЅпїЅпїЅпїЅпїЅпїЅ: пїЅпїЅпїЅпїЅпїЅпїЅпїЅпїЅ пїЅпїЅпїЅпїЅпїЅпїЅпїЅ: 4 (0.0%); пїЅпїЅпїЅпїЅпїЅпїЅпїЅпїЅпїЅ пїЅпїЅпїЅпїЅпїЅпїЅ WAL 0, пїЅпїЅпїЅпїЅпїЅпїЅпїЅ: 0, пїЅпїЅпїЅпїЅпїЅпїЅпїЅпїЅпїЅпїЅпїЅпїЅ: 0; пїЅпїЅпїЅпїЅпїЅпїЅ=0.333 пїЅпїЅпїЅ., пїЅпїЅпїЅпїЅпїЅ.=0.099 пїЅпїЅпїЅ., пїЅпїЅпїЅпїЅпїЅ=0.522 пїЅпїЅпїЅ.; пїЅпїЅпїЅпїЅпїЅпїЅпїЅпїЅпїЅпїЅпїЅпїЅпїЅпїЅпїЅпїЅ_пїЅпїЅпїЅпїЅпїЅпїЅ=4, пїЅпїЅпїЅпїЅпїЅ_пїЅпїЅпїЅпїЅпїЅпїЅ_пїЅпїЅпїЅпїЅпїЅ.=0.052 пїЅпїЅпїЅ., пїЅпїЅпїЅпїЅпїЅпїЅпїЅ=0.025 пїЅпїЅпїЅ.; пїЅпїЅпїЅпїЅпїЅпїЅпїЅпїЅпїЅпїЅ=0 kB, пїЅпїЅпїЅпїЅпїЅпїЅпїЅпїЅпїЅ=0 kB; lsn=0/15C1870, lsn redo=0/15C1818
2025-04-13 11:02:47 +05 пїЅпїЅпїЅпїЅпїЅпїЅпїЅпїЅпїЅ:  пїЅпїЅпїЅпїЅпїЅпїЅ пїЅпїЅпїЅпїЅпїЅпїЅпїЅпїЅпїЅпїЅпїЅ пїЅпїЅпїЅпїЅпїЅ: time
2025-04-13 11:02:48 +05 пїЅпїЅпїЅпїЅпїЅпїЅпїЅпїЅпїЅ:  пїЅпїЅпїЅпїЅпїЅпїЅпїЅпїЅпїЅпїЅпїЅ пїЅпїЅпїЅпїЅпїЅ пїЅпїЅпїЅпїЅпїЅпїЅпїЅпїЅпїЅ: пїЅпїЅпїЅпїЅпїЅпїЅпїЅпїЅ пїЅпїЅпїЅпїЅпїЅпїЅпїЅ: 2 (0.0%); пїЅпїЅпїЅпїЅпїЅпїЅпїЅпїЅпїЅ пїЅпїЅпїЅпїЅпїЅпїЅ WAL 0, пїЅпїЅпїЅпїЅпїЅпїЅпїЅ: 0, пїЅпїЅпїЅпїЅпїЅпїЅпїЅпїЅпїЅпїЅпїЅпїЅ: 0; пїЅпїЅпїЅпїЅпїЅпїЅ=0.111 пїЅпїЅпїЅ., пїЅпїЅпїЅпїЅпїЅ.=0.031 пїЅпїЅпїЅ., пїЅпїЅпїЅпїЅпїЅ=0.241 пїЅпїЅпїЅ.; пїЅпїЅпїЅпїЅпїЅпїЅпїЅпїЅпїЅпїЅпїЅпїЅпїЅпїЅпїЅпїЅ_пїЅпїЅпїЅпїЅпїЅпїЅ=2, пїЅпїЅпїЅпїЅпїЅ_пїЅпїЅпїЅпїЅпїЅпїЅ_пїЅпїЅпїЅпїЅпїЅ.=0.017 пїЅпїЅпїЅ., пїЅпїЅпїЅпїЅпїЅпїЅпїЅ=0.016 пїЅпїЅпїЅ.; пїЅпїЅпїЅпїЅпїЅпїЅпїЅпїЅпїЅпїЅ=0 kB, пїЅпїЅпїЅпїЅпїЅпїЅпїЅпїЅпїЅ=0 kB; lsn=0/15C1AA0, lsn redo=0/15C1A48
2025-04-13 11:16:48 +05 РћРЁРР‘РљРђ:  РѕС‚РЅРѕС€РµРЅРёРµ "vendors" РЅРµ СЃСѓС‰РµСЃС‚РІСѓРµС‚ (СЃРёРјРІРѕР» 36)
2025-04-13 11:16:48 +05 РћРџР•Р РђРўРћР :  SELECT vendor_id, vendor_name FROM vendors ORDER BY vendor_name
2025-04-13 11:32:47 +05 пїЅпїЅпїЅпїЅпїЅпїЅпїЅпїЅпїЅ:  пїЅпїЅпїЅпїЅпїЅпїЅ пїЅпїЅпїЅпїЅпїЅпїЅпїЅпїЅпїЅпїЅпїЅ пїЅпїЅпїЅпїЅпїЅ: time
2025-04-13 11:32:47 +05 пїЅпїЅпїЅпїЅпїЅпїЅпїЅпїЅпїЅ:  пїЅпїЅпїЅпїЅпїЅпїЅпїЅпїЅпїЅпїЅпїЅ пїЅпїЅпїЅпїЅпїЅ пїЅпїЅпїЅпїЅпїЅпїЅпїЅпїЅпїЅ: пїЅпїЅпїЅпїЅпїЅпїЅпїЅпїЅ пїЅпїЅпїЅпїЅпїЅпїЅпїЅ: 2 (0.0%); пїЅпїЅпїЅпїЅпїЅпїЅпїЅпїЅпїЅ пїЅпїЅпїЅпїЅпїЅпїЅ WAL 0, пїЅпїЅпїЅпїЅпїЅпїЅпїЅ: 0, пїЅпїЅпїЅпїЅпїЅпїЅпїЅпїЅпїЅпїЅпїЅпїЅ: 0; пїЅпїЅпїЅпїЅпїЅпїЅ=0.108 пїЅпїЅпїЅ., пїЅпїЅпїЅпїЅпїЅ.=0.030 пїЅпїЅпїЅ., пїЅпїЅпїЅпїЅпїЅ=0.240 пїЅпїЅпїЅ.; пїЅпїЅпїЅпїЅпїЅпїЅпїЅпїЅпїЅпїЅпїЅпїЅпїЅпїЅпїЅпїЅ_пїЅпїЅпїЅпїЅпїЅпїЅ=2, пїЅпїЅпїЅпїЅпїЅ_пїЅпїЅпїЅпїЅпїЅпїЅ_пїЅпїЅпїЅпїЅпїЅ.=0.017 пїЅпїЅпїЅ., пїЅпїЅпїЅпїЅпїЅпїЅпїЅ=0.015 пїЅпїЅпїЅ.; пїЅпїЅпїЅпїЅпїЅпїЅпїЅпїЅпїЅпїЅ=0 kB, пїЅпїЅпїЅпїЅпїЅпїЅпїЅпїЅпїЅ=0 kB; lsn=0/15C1CC8, lsn redo=0/15C1C70
2025-04-13 11:52:47 +05 пїЅпїЅпїЅпїЅпїЅпїЅпїЅпїЅпїЅ:  пїЅпїЅпїЅпїЅпїЅпїЅ пїЅпїЅпїЅпїЅпїЅпїЅпїЅпїЅпїЅпїЅпїЅ пїЅпїЅпїЅпїЅпїЅ: time
2025-04-13 11:52:47 +05 пїЅпїЅпїЅпїЅпїЅпїЅпїЅпїЅпїЅ:  пїЅпїЅпїЅпїЅпїЅпїЅпїЅпїЅпїЅпїЅпїЅ пїЅпїЅпїЅпїЅпїЅ пїЅпїЅпїЅпїЅпїЅпїЅпїЅпїЅпїЅ: пїЅпїЅпїЅпїЅпїЅпїЅпїЅпїЅ пїЅпїЅпїЅпїЅпїЅпїЅпїЅ: 2 (0.0%); пїЅпїЅпїЅпїЅпїЅпїЅпїЅпїЅпїЅ пїЅпїЅпїЅпїЅпїЅпїЅ WAL 0, пїЅпїЅпїЅпїЅпїЅпїЅпїЅ: 0, пїЅпїЅпїЅпїЅпїЅпїЅпїЅпїЅпїЅпїЅпїЅпїЅ: 0; пїЅпїЅпїЅпїЅпїЅпїЅ=0.111 пїЅпїЅпїЅ., пїЅпїЅпїЅпїЅпїЅ.=0.039 пїЅпїЅпїЅ., пїЅпїЅпїЅпїЅпїЅ=0.215 пїЅпїЅпїЅ.; пїЅпїЅпїЅпїЅпїЅпїЅпїЅпїЅпїЅпїЅпїЅпїЅпїЅпїЅпїЅпїЅ_пїЅпїЅпїЅпїЅпїЅпїЅ=2, пїЅпїЅпїЅпїЅпїЅ_пїЅпїЅпїЅпїЅпїЅпїЅ_пїЅпїЅпїЅпїЅпїЅ.=0.039 пїЅпїЅпїЅ., пїЅпїЅпїЅпїЅпїЅпїЅпїЅ=0.020 пїЅпїЅпїЅ.; пїЅпїЅпїЅпїЅпїЅпїЅпїЅпїЅпїЅпїЅ=0 kB, пїЅпїЅпїЅпїЅпїЅпїЅпїЅпїЅпїЅ=0 kB; lsn=0/15C1EE8, lsn redo=0/15C1E90
2025-04-13 12:02:47 +05 пїЅпїЅпїЅпїЅпїЅпїЅпїЅпїЅпїЅ:  пїЅпїЅпїЅпїЅпїЅпїЅ пїЅпїЅпїЅпїЅпїЅпїЅпїЅпїЅпїЅпїЅпїЅ пїЅпїЅпїЅпїЅпїЅ: time
2025-04-13 12:02:47 +05 пїЅпїЅпїЅпїЅпїЅпїЅпїЅпїЅпїЅ:  пїЅпїЅпїЅпїЅпїЅпїЅпїЅпїЅпїЅпїЅпїЅ пїЅпїЅпїЅпїЅпїЅ пїЅпїЅпїЅпїЅпїЅпїЅпїЅпїЅпїЅ: пїЅпїЅпїЅпїЅпїЅпїЅпїЅпїЅ пїЅпїЅпїЅпїЅпїЅпїЅпїЅ: 2 (0.0%); пїЅпїЅпїЅпїЅпїЅпїЅпїЅпїЅпїЅ пїЅпїЅпїЅпїЅпїЅпїЅ WAL 0, пїЅпїЅпїЅпїЅпїЅпїЅпїЅ: 0, пїЅпїЅпїЅпїЅпїЅпїЅпїЅпїЅпїЅпїЅпїЅпїЅ: 0; пїЅпїЅпїЅпїЅпїЅпїЅ=0.113 пїЅпїЅпїЅ., пїЅпїЅпїЅпїЅпїЅ.=0.033 пїЅпїЅпїЅ., пїЅпїЅпїЅпїЅпїЅ=0.227 пїЅпїЅпїЅ.; пїЅпїЅпїЅпїЅпїЅпїЅпїЅпїЅпїЅпїЅпїЅпїЅпїЅпїЅпїЅпїЅ_пїЅпїЅпїЅпїЅпїЅпїЅ=2, пїЅпїЅпїЅпїЅпїЅ_пїЅпїЅпїЅпїЅпїЅпїЅ_пїЅпїЅпїЅпїЅпїЅ.=0.020 пїЅпїЅпїЅ., пїЅпїЅпїЅпїЅпїЅпїЅпїЅ=0.017 пїЅпїЅпїЅ.; пїЅпїЅпїЅпїЅпїЅпїЅпїЅпїЅпїЅпїЅ=1 kB, пїЅпїЅпїЅпїЅпїЅпїЅпїЅпїЅпїЅ=1 kB; lsn=0/15C22E8, lsn redo=0/15C2290
2025-04-13 12:07:47 +05 пїЅпїЅпїЅпїЅпїЅпїЅпїЅпїЅпїЅ:  пїЅпїЅпїЅпїЅпїЅпїЅ пїЅпїЅпїЅпїЅпїЅпїЅпїЅпїЅпїЅпїЅпїЅ пїЅпїЅпїЅпїЅпїЅ: time
2025-04-13 12:07:48 +05 пїЅпїЅпїЅпїЅпїЅпїЅпїЅпїЅпїЅ:  пїЅпїЅпїЅпїЅпїЅпїЅпїЅпїЅпїЅпїЅпїЅ пїЅпїЅпїЅпїЅпїЅ пїЅпїЅпїЅпїЅпїЅпїЅпїЅпїЅпїЅ: пїЅпїЅпїЅпїЅпїЅпїЅпїЅпїЅ пїЅпїЅпїЅпїЅпїЅпїЅпїЅ: 2 (0.0%); пїЅпїЅпїЅпїЅпїЅпїЅпїЅпїЅпїЅ пїЅпїЅпїЅпїЅпїЅпїЅ WAL 0, пїЅпїЅпїЅпїЅпїЅпїЅпїЅ: 0, пїЅпїЅпїЅпїЅпїЅпїЅпїЅпїЅпїЅпїЅпїЅпїЅ: 0; пїЅпїЅпїЅпїЅпїЅпїЅ=0.103 пїЅпїЅпїЅ., пїЅпїЅпїЅпїЅпїЅ.=0.034 пїЅпїЅпїЅ., пїЅпїЅпїЅпїЅпїЅ=0.220 пїЅпїЅпїЅ.; пїЅпїЅпїЅпїЅпїЅпїЅпїЅпїЅпїЅпїЅпїЅпїЅпїЅпїЅпїЅпїЅ_пїЅпїЅпїЅпїЅпїЅпїЅ=2, пїЅпїЅпїЅпїЅпїЅ_пїЅпїЅпїЅпїЅпїЅпїЅ_пїЅпїЅпїЅпїЅпїЅ.=0.021 пїЅпїЅпїЅ., пїЅпїЅпїЅпїЅпїЅпїЅпїЅ=0.017 пїЅпїЅпїЅ.; пїЅпїЅпїЅпїЅпїЅпїЅпїЅпїЅпїЅпїЅ=0 kB, пїЅпїЅпїЅпїЅпїЅпїЅпїЅпїЅпїЅ=0 kB; lsn=0/15C26A8, lsn redo=0/15C2650
2025-04-13 12:32:47 +05 пїЅпїЅпїЅпїЅпїЅпїЅпїЅпїЅпїЅ:  пїЅпїЅпїЅпїЅпїЅпїЅ пїЅпїЅпїЅпїЅпїЅпїЅпїЅпїЅпїЅпїЅпїЅ пїЅпїЅпїЅпїЅпїЅ: time
2025-04-13 12:32:47 +05 пїЅпїЅпїЅпїЅпїЅпїЅпїЅпїЅпїЅ:  пїЅпїЅпїЅпїЅпїЅпїЅпїЅпїЅпїЅпїЅпїЅ пїЅпїЅпїЅпїЅпїЅ пїЅпїЅпїЅпїЅпїЅпїЅпїЅпїЅпїЅ: пїЅпїЅпїЅпїЅпїЅпїЅпїЅпїЅ пїЅпїЅпїЅпїЅпїЅпїЅпїЅ: 2 (0.0%); пїЅпїЅпїЅпїЅпїЅпїЅпїЅпїЅпїЅ пїЅпїЅпїЅпїЅпїЅпїЅ WAL 0, пїЅпїЅпїЅпїЅпїЅпїЅпїЅ: 0, пїЅпїЅпїЅпїЅпїЅпїЅпїЅпїЅпїЅпїЅпїЅпїЅ: 0; пїЅпїЅпїЅпїЅпїЅпїЅ=0.111 пїЅпїЅпїЅ., пїЅпїЅпїЅпїЅпїЅ.=0.035 пїЅпїЅпїЅ., пїЅпїЅпїЅпїЅпїЅ=0.238 пїЅпїЅпїЅ.; пїЅпїЅпїЅпїЅпїЅпїЅпїЅпїЅпїЅпїЅпїЅпїЅпїЅпїЅпїЅпїЅ_пїЅпїЅпїЅпїЅпїЅпїЅ=2, пїЅпїЅпїЅпїЅпїЅ_пїЅпїЅпїЅпїЅпїЅпїЅ_пїЅпїЅпїЅпїЅпїЅ.=0.022 пїЅпїЅпїЅ., пїЅпїЅпїЅпїЅпїЅпїЅпїЅ=0.018 пїЅпїЅпїЅ.; пїЅпїЅпїЅпїЅпїЅпїЅпїЅпїЅпїЅпїЅ=0 kB, пїЅпїЅпїЅпїЅпїЅпїЅпїЅпїЅпїЅ=0 kB; lsn=0/15C2A98, lsn redo=0/15C2A40
2025-04-13 13:03:24 +05 РЎРћРћР‘Р©Р•РќРР•:  РЅРµ СѓРґР°Р»РѕСЃСЊ РїРѕР»СѓС‡РёС‚СЊ РґР°РЅРЅС‹Рµ РѕС‚ РєР»РёРµРЅС‚Р°: An existing connection was forcibly closed by the remote host.
	
2025-04-13 13:03:24 +05 РЎРћРћР‘Р©Р•РќРР•:  РЅРµ СѓРґР°Р»РѕСЃСЊ РїРѕР»СѓС‡РёС‚СЊ РґР°РЅРЅС‹Рµ РѕС‚ РєР»РёРµРЅС‚Р°: An existing connection was forcibly closed by the remote host.
	
2025-04-14 17:53:00 +05 РћРЁРР‘РљРђ:  РѕС€РёР±РєР° СЃРёРЅС‚Р°РєСЃРёСЃР° (РїСЂРёРјРµСЂРЅРѕРµ РїРѕР»РѕР¶РµРЅРёРµ: ")") (СЃРёРјРІРѕР» 67)
2025-04-14 17:53:00 +05 РћРџР•Р РђРўРћР :  CREATE TABLE users(
	"user" VARCHAR(255),
	user_score VARCHAR(255),
	);
	z
2025-04-14 17:53:12 +05 РћРЁРР‘РљРђ:  РѕС€РёР±РєР° СЃРёРЅС‚Р°РєСЃРёСЃР° (РїСЂРёРјРµСЂРЅРѕРµ РїРѕР»РѕР¶РµРЅРёРµ: ")") (СЃРёРјРІРѕР» 67)
2025-04-14 17:53:12 +05 РћРџР•Р РђРўРћР :  CREATE TABLE users(
	"user" VARCHAR(255),
	user_score VARCHAR(255),
	);
2025-04-14 17:56:04 +05 СООБЩЕНИЕ:  начата контрольная точка: time
2025-04-14 17:56:07 +05 СООБЩЕНИЕ:  контрольная точка завершена: записано буферов: 18 (0.1%); добавлено файлов WAL 0, удалено: 0, переработано: 0; запись=1.860 сек., синхр.=0.340 сек., всего=2.315 сек.; синхронизировано_файлов=16, самая_долгая_синхр.=0.034 сек., средняя=0.022 сек.; расстояние=76 kB, ожидалось=76 kB; lsn=0/15D5C48, lsn redo=0/15D5BF0
2025-04-14 18:26:50 +05 РћРЁРР‘РљРђ:  РѕС€РёР±РєР° СЃРёРЅС‚Р°РєСЃРёСЃР° (РїСЂРёРјРµСЂРЅРѕРµ РїРѕР»РѕР¶РµРЅРёРµ: "'PhoneBook'") (СЃРёРјРІРѕР» 15)
2025-04-14 18:26:50 +05 РћРџР•Р РђРўРћР :  SELECT * FROM 'PhoneBook'
2025-04-14 19:05:34 +05 РћРЁРР‘РљРђ:  РѕС€РёР±РєР° СЃРёРЅС‚Р°РєСЃРёСЃР° (РїСЂРёРјРµСЂРЅРѕРµ РїРѕР»РѕР¶РµРЅРёРµ: "'PhoneBook'") (СЃРёРјРІРѕР» 15)
2025-04-14 19:05:34 +05 РћРџР•Р РђРўРћР :  SELECT * FROM 'PhoneBook'
2025-04-14 19:11:04 +05 СООБЩЕНИЕ:  начата контрольная точка: time
2025-04-14 19:11:04 +05 СООБЩЕНИЕ:  контрольная точка завершена: записано буферов: 2 (0.0%); добавлено файлов WAL 0, удалено: 0, переработано: 0; запись=0.108 сек., синхр.=0.031 сек., всего=0.201 сек.; синхронизировано_файлов=2, самая_долгая_синхр.=0.018 сек., средняя=0.016 сек.; расстояние=1 kB, ожидалось=68 kB; lsn=0/15D60D8, lsn redo=0/15D6080
2025-04-14 19:11:13 +05 РћРЁРР‘РљРђ:  РѕС€РёР±РєР° СЃРёРЅС‚Р°РєСЃРёСЃР° (РїСЂРёРјРµСЂРЅРѕРµ РїРѕР»РѕР¶РµРЅРёРµ: "UPDATEPhoneBookSET") (СЃРёРјРІРѕР» 2)
2025-04-14 19:11:13 +05 РћРџР•Р РђРўРћР :   UPDATEPhoneBookSET phonenumber = '88005553535' WHERE name = 'Rasul'
2025-04-14 19:11:32 +05 РћРЁРР‘РљРђ:  РѕС€РёР±РєР° СЃРёРЅС‚Р°РєСЃРёСЃР° (РїСЂРёРјРµСЂРЅРѕРµ РїРѕР»РѕР¶РµРЅРёРµ: "UPDATEPhoneBookSET") (СЃРёРјРІРѕР» 2)
2025-04-14 19:11:32 +05 РћРџР•Р РђРўРћР :   UPDATEPhoneBookSET phonenumber = '1' WHERE name = 'Rasul'
2025-04-14 19:16:04 +05 СООБЩЕНИЕ:  начата контрольная точка: time
2025-04-14 19:16:04 +05 СООБЩЕНИЕ:  контрольная точка завершена: записано буферов: 2 (0.0%); добавлено файлов WAL 0, удалено: 0, переработано: 0; запись=0.104 сек., синхр.=0.035 сек., всего=0.243 сек.; синхронизировано_файлов=2, самая_долгая_синхр.=0.022 сек., средняя=0.018 сек.; расстояние=1 kB, ожидалось=62 kB; lsn=0/15D6618, lsn redo=0/15D65C0
2025-04-14 19:42:37 +05 РћРЁРР‘РљРђ:  РѕС‚РЅРѕС€РµРЅРёРµ "users" РЅРµ СЃСѓС‰РµСЃС‚РІСѓРµС‚ (СЃРёРјРІРѕР» 15)
2025-04-14 19:42:37 +05 РћРџР•Р РђРўРћР :  SELECT * FROM users;
	
2025-04-14 19:46:04 +05 СООБЩЕНИЕ:  начата контрольная точка: time
2025-04-14 19:46:05 +05 СООБЩЕНИЕ:  контрольная точка завершена: записано буферов: 6 (0.0%); добавлено файлов WAL 0, удалено: 0, переработано: 0; запись=0.549 сек., синхр.=0.083 сек., всего=0.714 сек.; синхронизировано_файлов=6, самая_долгая_синхр.=0.026 сек., средняя=0.014 сек.; расстояние=16 kB, ожидалось=57 kB; lsn=0/15DA7D8, lsn redo=0/15DA780
2025-04-14 19:47:04 +05 РћРЁРР‘РљРђ:  РѕС‚РЅРѕС€РµРЅРёРµ "users" РЅРµ СЃСѓС‰РµСЃС‚РІСѓРµС‚ (СЃРёРјРІРѕР» 15)
2025-04-14 19:47:04 +05 РћРџР•Р РђРўРћР :  SELECT * FROM users;
2025-04-14 19:51:04 +05 СООБЩЕНИЕ:  начата контрольная точка: time
2025-04-14 19:51:10 +05 СООБЩЕНИЕ:  контрольная точка завершена: записано буферов: 53 (0.3%); добавлено файлов WAL 0, удалено: 0, переработано: 0; запись=5.776 сек., синхр.=0.441 сек., всего=6.322 сек.; синхронизировано_файлов=45, самая_долгая_синхр.=0.058 сек., средняя=0.010 сек.; расстояние=181 kB, ожидалось=181 kB; lsn=0/1607C70, lsn redo=0/1607C18
2025-04-14 20:01:55 +05 РћРЁРР‘РљРђ:  РѕС€РёР±РєР° СЃРёРЅС‚Р°РєСЃРёСЃР° (РїСЂРёРјРµСЂРЅРѕРµ РїРѕР»РѕР¶РµРЅРёРµ: ")") (СЃРёРјРІРѕР» 217)
2025-04-14 20:01:55 +05 РћРџР•Р РђРўРћР :  
	        CREATE TABLE IF NOT EXISTS user_score (
	            id SERIAL PRIMARY KEY,
	            user_id INTEGER REFERENCES users(id),
	            score INTEGER DEFAULT 0,
	            level INTEGER DEFAULT 1,
	        )
	        
2025-04-14 20:02:11 +05 РћРЁРР‘РљРђ:  РѕС€РёР±РєР° СЃРёРЅС‚Р°РєСЃРёСЃР° (РїСЂРёРјРµСЂРЅРѕРµ РїРѕР»РѕР¶РµРЅРёРµ: ")") (СЃРёРјРІРѕР» 217)
2025-04-14 20:02:11 +05 РћРџР•Р РђРўРћР :  
	        CREATE TABLE IF NOT EXISTS user_score (
	            id SERIAL PRIMARY KEY,
	            user_id INTEGER REFERENCES users(id),
	            score INTEGER DEFAULT 0,
	            level INTEGER DEFAULT 1,
	        );
	        
2025-04-14 20:06:04 +05 СООБЩЕНИЕ:  начата контрольная точка: time
2025-04-14 20:06:10 +05 СООБЩЕНИЕ:  контрольная точка завершена: записано буферов: 50 (0.3%); добавлено файлов WAL 0, удалено: 0, переработано: 0; запись=5.447 сек., синхр.=0.459 сек., всего=5.994 сек.; синхронизировано_файлов=51, самая_долгая_синхр.=0.032 сек., средняя=0.009 сек.; расстояние=220 kB, ожидалось=220 kB; lsn=0/163ECA0, lsn redo=0/163EC48
2025-04-14 20:16:04 +05 СООБЩЕНИЕ:  начата контрольная точка: time
2025-04-14 20:16:05 +05 СООБЩЕНИЕ:  контрольная точка завершена: записано буферов: 8 (0.0%); добавлено файлов WAL 0, удалено: 0, переработано: 0; запись=0.778 сек., синхр.=0.131 сек., всего=0.995 сек.; синхронизировано_файлов=6, самая_долгая_синхр.=0.033 сек., средняя=0.022 сек.; расстояние=0 kB, ожидалось=198 kB; lsn=0/163EFF8, lsn redo=0/163EFA0
2025-04-14 20:21:04 +05 СООБЩЕНИЕ:  начата контрольная точка: time
2025-04-14 20:21:05 +05 СООБЩЕНИЕ:  контрольная точка завершена: записано буферов: 7 (0.0%); добавлено файлов WAL 0, удалено: 0, переработано: 0; запись=0.669 сек., синхр.=0.127 сек., всего=0.882 сек.; синхронизировано_файлов=6, самая_долгая_синхр.=0.027 сек., средняя=0.022 сек.; расстояние=1 kB, ожидалось=178 kB; lsn=0/163F488, lsn redo=0/163F430
2025-04-14 20:26:04 +05 СООБЩЕНИЕ:  начата контрольная точка: time
2025-04-14 20:26:05 +05 СООБЩЕНИЕ:  контрольная точка завершена: записано буферов: 5 (0.0%); добавлено файлов WAL 0, удалено: 0, переработано: 0; запись=0.445 сек., синхр.=0.120 сек., всего=0.653 сек.; синхронизировано_файлов=5, самая_долгая_синхр.=0.037 сек., средняя=0.024 сек.; расстояние=1 kB, ожидалось=160 kB; lsn=0/163FA90, lsn redo=0/163FA38
2025-04-14 20:31:04 +05 СООБЩЕНИЕ:  начата контрольная точка: time
2025-04-14 20:31:05 +05 СООБЩЕНИЕ:  контрольная точка завершена: записано буферов: 5 (0.0%); добавлено файлов WAL 0, удалено: 0, переработано: 0; запись=0.439 сек., синхр.=0.090 сек., всего=0.586 сек.; синхронизировано_файлов=5, самая_долгая_синхр.=0.024 сек., средняя=0.018 сек.; расстояние=1 kB, ожидалось=144 kB; lsn=0/1640168, lsn redo=0/1640110
2025-04-14 20:36:04 +05 СООБЩЕНИЕ:  начата контрольная точка: time
2025-04-14 20:36:04 +05 СООБЩЕНИЕ:  контрольная точка завершена: записано буферов: 5 (0.0%); добавлено файлов WAL 0, удалено: 0, переработано: 0; запись=0.438 сек., синхр.=0.120 сек., всего=0.648 сек.; синхронизировано_файлов=5, самая_долгая_синхр.=0.037 сек., средняя=0.024 сек.; расстояние=1 kB, ожидалось=130 kB; lsn=0/16406B0, lsn redo=0/1640658
2025-04-14 20:41:04 +05 СООБЩЕНИЕ:  начата контрольная точка: time
2025-04-14 20:41:05 +05 СООБЩЕНИЕ:  контрольная точка завершена: записано буферов: 5 (0.0%); добавлено файлов WAL 0, удалено: 0, переработано: 0; запись=0.439 сек., синхр.=0.123 сек., всего=0.691 сек.; синхронизировано_файлов=5, самая_долгая_синхр.=0.035 сек., средняя=0.025 сек.; расстояние=2 kB, ожидалось=117 kB; lsn=0/1641018, lsn redo=0/1640FC0
2025-04-14 20:46:04 +05 СООБЩЕНИЕ:  начата контрольная точка: time
2025-04-14 20:46:05 +05 СООБЩЕНИЕ:  контрольная точка завершена: записано буферов: 5 (0.0%); добавлено файлов WAL 0, удалено: 0, переработано: 0; запись=0.442 сек., синхр.=0.107 сек., всего=0.641 сек.; синхронизировано_файлов=5, самая_долгая_синхр.=0.025 сек., средняя=0.022 сек.; расстояние=1 kB, ожидалось=106 kB; lsn=0/1641618, lsn redo=0/16415C0
2025-04-14 21:01:04 +05 СООБЩЕНИЕ:  начата контрольная точка: time
2025-04-14 21:01:04 +05 СООБЩЕНИЕ:  контрольная точка завершена: записано буферов: 5 (0.0%); добавлено файлов WAL 0, удалено: 0, переработано: 0; запись=0.444 сек., синхр.=0.128 сек., всего=0.675 сек.; синхронизировано_файлов=5, самая_долгая_синхр.=0.035 сек., средняя=0.026 сек.; расстояние=1 kB, ожидалось=95 kB; lsn=0/1641C60, lsn redo=0/1641C08
